[35m[Appium][39m Welcome to Appium v1.22.3
[35m[Appium][39m Non-default server args:
[35m[Appium][39m   port: 55604
[35m[Appium][39m   loglevel: info
[35m[Appium][39m   tmpDir: C:\Users\Romina\AppData\Local\Temp\\Katalon\Appium\Temp1652876592210
[35m[Appium][39m   chromedriverPort: 55605
[35m[Appium][39m Deprecated server args:
[35m[Appium][39m   [31m--chromedriver-port[39m => --default-capabilities
[35m[Appium][39m Default capabilities, which will be added to each request unless overridden by desired capabilities:
[35m[Appium][39m   chromedriverPort: 55605
[35m[Appium][39m Appium REST http interface listener started on 0.0.0.0:55604
[35m[HTTP][39m [37m-->[39m [37mGET[39m [37m/wd/hub/status[39m
[35m[HTTP][39m [90m{}[39m
[35m[HTTP][39m [37m<-- GET /wd/hub/status [39m[32m200[39m [90m5 ms - 68[39m
[35m[HTTP][39m [90m[39m
[35m[HTTP][39m [37m-->[39m [37mGET[39m [37m/wd/hub/status[39m
[35m[HTTP][39m [90m{}[39m
[35m[HTTP][39m [37m<-- GET /wd/hub/status [39m[32m200[39m [90m1 ms - 68[39m
[35m[HTTP][39m [90m[39m
[35m[HTTP][39m [37m-->[39m [37mPOST[39m [37m/wd/hub/session[39m
[35m[HTTP][39m [90m{"desiredCapabilities":{"appActivity":".Settings","appPackage":"com.android.settings","newCommandTimeout":1800,"platformVersion":"12","automationName":"uiautomator2","autoGrantPermissions":true,"platformName":"Android","udid":"995AY18W5B","deviceName":"Google Pixel 3a (Android 12)","platform":"ANDROID","systemPort":8252},"capabilities":{"firstMatch":[{"appium:appActivity":".Settings","appium:appPackage":"com.android.settings","appium:autoGrantPermissions":true,"appium:automationName":"uiautomator2","appium:deviceName":"Google Pixel 3a (Android 12)","appium:newCommandTimeout":1800,"platform":"ANDROID","platformName":"android","appium:platformVersion":"12","appium:systemPort":8252,"appium:udid":"995AY18W5B"}]}}[39m
[35m[BaseDriver][39m The following capabilities are not standard capabilities and should have an extension prefix:
[35m[BaseDriver][39m   platform
[35m[BaseDriver][39m   chromedriverPort
[35m[Appium][39m Appium v1.22.3 creating new AndroidUiautomator2Driver (v1.70.1) session
[35m[BaseDriver][39m The following capabilities were provided, but are not recognized by Appium:
[35m[BaseDriver][39m   platform
[35m[BaseDriver][39m Session created with session id: 80619363-031e-458c-b048-af32cad3b91b
[35m[UiAutomator2][39m Starting 'com.android.settings' directly on the device
[35m[ADB][39m Found 1 'build-tools' folders under 'C:\Users\Romina\.katalon\tools\android_sdk' (newest first):
[35m[ADB][39m     C:/Users/Romina/.katalon/tools/android_sdk/build-tools/29.0.3
[35m[ADB][39m Using 'adb.exe' from 'C:\Users\Romina\.katalon\tools\android_sdk\platform-tools\adb.exe'
[35m[AndroidDriver][39m Retrieving device list
[35m[AndroidDriver][39m Using device: 995AY18W5B
[35m[ADB][39m Using 'adb.exe' from 'C:\Users\Romina\.katalon\tools\android_sdk\platform-tools\adb.exe'
[35m[ADB][39m Getting device platform version
[35m[UiAutomator2][39m Relaxing hidden api policy
[35m[AndroidDriver][39m No app sent in, not parsing package/activity
[35m[ADB][39m Using 'apksigner.jar' from 'C:\Users\Romina\.katalon\tools\android_sdk\build-tools\29.0.3\lib\apksigner.jar'
[35m[ADB][39m 'C:\Users\Romina\AppData\Roaming\npm\node_modules\appium\node_modules\appium-uiautomator2-server\apks\appium-uiautomator2-server-v4.27.0.apk' is signed with the default certificate
[35m[ADB][39m 'C:\Users\Romina\AppData\Roaming\npm\node_modules\appium\node_modules\appium-uiautomator2-server\apks\appium-uiautomator2-server-debug-androidTest.apk' is signed with the default certificate
[35m[UiAutomator2][39m Server packages are not going to be (re)installed
[35m[ADB][39m Adding packages ["io.appium.settings","io.appium.uiautomator2.server","io.appium.uiautomator2.server.test"] to Doze whitelist
[35m[UiAutomator2][39m Starting UIAutomator2 server 4.27.0
[35m[UiAutomator2][39m Using UIAutomator2 server from 'C:\Users\Romina\AppData\Roaming\npm\node_modules\appium\node_modules\appium-uiautomator2-server\apks\appium-uiautomator2-server-v4.27.0.apk' and test from 'C:\Users\Romina\AppData\Roaming\npm\node_modules\appium\node_modules\appium-uiautomator2-server\apks\appium-uiautomator2-server-debug-androidTest.apk'
[35m[UiAutomator2][39m Waiting up to 30000ms for UiAutomator2 to be online...
[35m[WD Proxy][39m socket hang up
[35m[WD Proxy][39m socket hang up
[35m[WD Proxy][39m socket hang up
[35m[WD Proxy][39m Determined the downstream protocol as 'W3C'
[35m[AndroidDriver][39m Screen already unlocked, doing nothing
[35m[UiAutomator2][39m Starting 'com.android.settings/.Settings and waiting for 'com.android.settings/.Settings'
[35m[Appium][39m New AndroidUiautomator2Driver session created successfully, session 80619363-031e-458c-b048-af32cad3b91b added to master session list
[35m[HTTP][39m [37m<-- POST /wd/hub/session [39m[32m200[39m [90m10374 ms - 1151[39m
[35m[HTTP][39m [90m[39m
[35m[HTTP][39m [37m-->[39m [37mGET[39m [37m/wd/hub/session/80619363-031e-458c-b048-af32cad3b91b[39m
[35m[HTTP][39m [90m{}[39m
[35m[HTTP][39m [37m<-- GET /wd/hub/session/80619363-031e-458c-b048-af32cad3b91b [39m[32m200[39m [90m20 ms - 1105[39m
[35m[HTTP][39m [90m[39m
[35m[HTTP][39m [37m-->[39m [37mGET[39m [37m/wd/hub/session/80619363-031e-458c-b048-af32cad3b91b[39m
[35m[HTTP][39m [90m{}[39m
[35m[HTTP][39m [37m<-- GET /wd/hub/session/80619363-031e-458c-b048-af32cad3b91b [39m[32m200[39m [90m19 ms - 1105[39m
[35m[HTTP][39m [90m[39m
[35m[HTTP][39m [37m-->[39m [37mGET[39m [37m/wd/hub/status[39m
[35m[HTTP][39m [90m{}[39m
[35m[HTTP][39m [37m<-- GET /wd/hub/status [39m[32m200[39m [90m1 ms - 68[39m
[35m[HTTP][39m [90m[39m
[35m[HTTP][39m [37m-->[39m [37mPOST[39m [37m/wd/hub/session/80619363-031e-458c-b048-af32cad3b91b/timeouts[39m
[35m[HTTP][39m [90m{"implicit":60000}[39m
[35m[HTTP][39m [37m<-- POST /wd/hub/session/80619363-031e-458c-b048-af32cad3b91b/timeouts [39m[32m200[39m [90m3 ms - 14[39m
[35m[HTTP][39m [90m[39m
[35m[HTTP][39m [37m-->[39m [37mGET[39m [37m/wd/hub/session/80619363-031e-458c-b048-af32cad3b91b/screenshot[39m
[35m[HTTP][39m [90m{}[39m
[35m[HTTP][39m [37m<-- GET /wd/hub/session/80619363-031e-458c-b048-af32cad3b91b/screenshot [39m[32m200[39m [90m575 ms - 233090[39m
[35m[HTTP][39m [90m[39m
[35m[HTTP][39m [37m-->[39m [37mGET[39m [37m/wd/hub/session/80619363-031e-458c-b048-af32cad3b91b/window/rect[39m
[35m[HTTP][39m [90m{}[39m
[35m[HTTP][39m [37m<-- GET /wd/hub/session/80619363-031e-458c-b048-af32cad3b91b/window/rect [39m[32m200[39m [90m23 ms - 50[39m
[35m[HTTP][39m [90m[39m
[35m[HTTP][39m [37m-->[39m [37mGET[39m [37m/wd/hub/session/80619363-031e-458c-b048-af32cad3b91b/appium/device/system_bars[39m
[35m[HTTP][39m [90m{}[39m
[35m[HTTP][39m [37m<-- GET /wd/hub/session/80619363-031e-458c-b048-af32cad3b91b/appium/device/system_bars [39m[32m200[39m [90m121 ms - 145[39m
[35m[HTTP][39m [90m[39m
[35m[HTTP][39m [37m-->[39m [37mPOST[39m [37m/wd/hub/session/80619363-031e-458c-b048-af32cad3b91b/appium/device/activate_app[39m
[35m[HTTP][39m [90m{"bundleId":"com.amazon.mShop.android.shopping"}[39m
[35m[HTTP][39m [37m<-- POST /wd/hub/session/80619363-031e-458c-b048-af32cad3b91b/appium/device/activate_app [39m[32m200[39m [90m503 ms - 14[39m
[35m[HTTP][39m [90m[39m
[35m[HTTP][39m [37m-->[39m [37mGET[39m [37m/wd/hub/session/80619363-031e-458c-b048-af32cad3b91b/source[39m
[35m[HTTP][39m [90m{}[39m
[35m[W3C (80619363)][39m Driver proxy active, passing request on via HTTP proxy
[35m[WD Proxy][39m Replacing sessionId 14bca016-1fd9-4416-b622-67b66eec0427 with 80619363-031e-458c-b048-af32cad3b91b
[35m[HTTP][39m [37m<-- GET /wd/hub/session/80619363-031e-458c-b048-af32cad3b91b/source [39m[32m200[39m [90m559 ms - 6242[39m
[35m[HTTP][39m [90m[39m
[35m[HTTP][39m [37m-->[39m [37mGET[39m [37m/wd/hub/session/80619363-031e-458c-b048-af32cad3b91b/screenshot[39m
[35m[HTTP][39m [90m{}[39m
[35m[HTTP][39m [37m<-- GET /wd/hub/session/80619363-031e-458c-b048-af32cad3b91b/screenshot [39m[32m200[39m [90m521 ms - 22132[39m
[35m[HTTP][39m [90m[39m
[35m[HTTP][39m [37m-->[39m [37mGET[39m [37m/wd/hub/session/80619363-031e-458c-b048-af32cad3b91b/source[39m
[35m[HTTP][39m [90m{}[39m
[35m[W3C (80619363)][39m Driver proxy active, passing request on via HTTP proxy
[35m[WD Proxy][39m Replacing sessionId 14bca016-1fd9-4416-b622-67b66eec0427 with 80619363-031e-458c-b048-af32cad3b91b
[35m[HTTP][39m [37m<-- GET /wd/hub/session/80619363-031e-458c-b048-af32cad3b91b/source [39m[32m200[39m [90m974 ms - 53870[39m
[35m[HTTP][39m [90m[39m
[35m[HTTP][39m [37m-->[39m [37mGET[39m [37m/wd/hub/session/80619363-031e-458c-b048-af32cad3b91b/screenshot[39m
[35m[HTTP][39m [90m{}[39m
[35m[HTTP][39m [37m<-- GET /wd/hub/session/80619363-031e-458c-b048-af32cad3b91b/screenshot [39m[32m200[39m [90m1245 ms - 1604248[39m
[35m[HTTP][39m [90m[39m
[35m[HTTP][39m [37m-->[39m [37mPOST[39m [37m/wd/hub/session/80619363-031e-458c-b048-af32cad3b91b/elements[39m
[35m[HTTP][39m [90m{"using":"xpath","value":"//*[@class = 'android.widget.TextView' and (@text = 'Cerca su Amazon.it' or . = 'Cerca su Amazon.it') and @resource-id = 'com.amazon.mShop.android.shopping:id/chrome_search_hint_view']"}[39m
[35m[HTTP][39m [37m<-- POST /wd/hub/session/80619363-031e-458c-b048-af32cad3b91b/elements [39m[32m200[39m [90m753 ms - 139[39m
[35m[HTTP][39m [90m[39m
[35m[HTTP][39m [37m-->[39m [37mGET[39m [37m/wd/hub/session/80619363-031e-458c-b048-af32cad3b91b/window/rect[39m
[35m[HTTP][39m [90m{}[39m
[35m[HTTP][39m [37m<-- GET /wd/hub/session/80619363-031e-458c-b048-af32cad3b91b/window/rect [39m[32m200[39m [90m14 ms - 50[39m
[35m[HTTP][39m [90m[39m
[35m[HTTP][39m [37m-->[39m [37mPOST[39m [37m/wd/hub/session/80619363-031e-458c-b048-af32cad3b91b/elements[39m
[35m[HTTP][39m [90m{"using":"xpath","value":"//*[@class = 'android.widget.TextView' and (@text = 'Cerca su Amazon.it' or . = 'Cerca su Amazon.it') and @resource-id = 'com.amazon.mShop.android.shopping:id/chrome_search_hint_view']"}[39m
[35m[HTTP][39m [37m<-- POST /wd/hub/session/80619363-031e-458c-b048-af32cad3b91b/elements [39m[32m200[39m [90m399 ms - 139[39m
[35m[HTTP][39m [90m[39m
[35m[HTTP][39m [37m-->[39m [37mGET[39m [37m/wd/hub/session/80619363-031e-458c-b048-af32cad3b91b/element/00000000-0000-01c2-ffff-ffff0000001a/location[39m
[35m[HTTP][39m [90m{}[39m
[35m[W3C (80619363)][39m Driver proxy active, passing request on via HTTP proxy
[35m[WD Proxy][39m Replacing sessionId 14bca016-1fd9-4416-b622-67b66eec0427 with 80619363-031e-458c-b048-af32cad3b91b
[35m[HTTP][39m [37m<-- GET /wd/hub/session/80619363-031e-458c-b048-af32cad3b91b/element/00000000-0000-01c2-ffff-ffff0000001a/location [39m[32m200[39m [90m25 ms - 77[39m
[35m[HTTP][39m [90m[39m
[35m[HTTP][39m [37m-->[39m [37mPOST[39m [37m/wd/hub/session/80619363-031e-458c-b048-af32cad3b91b/element/00000000-0000-01c2-ffff-ffff0000001a/click[39m
[35m[HTTP][39m [90m{"id":"00000000-0000-01c2-ffff-ffff0000001a"}[39m
[35m[HTTP][39m [37m<-- POST /wd/hub/session/80619363-031e-458c-b048-af32cad3b91b/element/00000000-0000-01c2-ffff-ffff0000001a/click [39m[32m200[39m [90m1113 ms - 14[39m
[35m[HTTP][39m [90m[39m
[35m[HTTP][39m [37m-->[39m [37mGET[39m [37m/wd/hub/session/80619363-031e-458c-b048-af32cad3b91b/source[39m
[35m[HTTP][39m [90m{}[39m
[35m[W3C (80619363)][39m Driver proxy active, passing request on via HTTP proxy
[35m[WD Proxy][39m Replacing sessionId 14bca016-1fd9-4416-b622-67b66eec0427 with 80619363-031e-458c-b048-af32cad3b91b
[35m[HTTP][39m [37m<-- GET /wd/hub/session/80619363-031e-458c-b048-af32cad3b91b/source [39m[32m200[39m [90m233 ms - 12961[39m
[35m[HTTP][39m [90m[39m
[35m[HTTP][39m [37m-->[39m [37mGET[39m [37m/wd/hub/session/80619363-031e-458c-b048-af32cad3b91b/screenshot[39m
[35m[HTTP][39m [90m{}[39m
[35m[HTTP][39m [37m<-- GET /wd/hub/session/80619363-031e-458c-b048-af32cad3b91b/screenshot [39m[32m200[39m [90m658 ms - 175776[39m
[35m[HTTP][39m [90m[39m
[35m[HTTP][39m [37m-->[39m [37mPOST[39m [37m/wd/hub/session/80619363-031e-458c-b048-af32cad3b91b/elements[39m
[35m[HTTP][39m [90m{"using":"xpath","value":"//*[@class = 'android.widget.EditText' and (@text = 'Cerca su Amazon.it' or . = 'Cerca su Amazon.it') and @resource-id = 'com.amazon.mShop.android.shopping:id/rs_search_src_text']"}[39m
[35m[HTTP][39m [37m<-- POST /wd/hub/session/80619363-031e-458c-b048-af32cad3b91b/elements [39m[32m200[39m [90m189 ms - 139[39m
[35m[HTTP][39m [90m[39m
[35m[HTTP][39m [37m-->[39m [37mGET[39m [37m/wd/hub/session/80619363-031e-458c-b048-af32cad3b91b/window/rect[39m
[35m[HTTP][39m [90m{}[39m
[35m[HTTP][39m [37m<-- GET /wd/hub/session/80619363-031e-458c-b048-af32cad3b91b/window/rect [39m[32m200[39m [90m44 ms - 50[39m
[35m[HTTP][39m [90m[39m
[35m[HTTP][39m [37m-->[39m [37mPOST[39m [37m/wd/hub/session/80619363-031e-458c-b048-af32cad3b91b/elements[39m
[35m[HTTP][39m [90m{"using":"xpath","value":"//*[@class = 'android.widget.EditText' and (@text = 'Cerca su Amazon.it' or . = 'Cerca su Amazon.it') and @resource-id = 'com.amazon.mShop.android.shopping:id/rs_search_src_text']"}[39m
[35m[HTTP][39m [37m<-- POST /wd/hub/session/80619363-031e-458c-b048-af32cad3b91b/elements [39m[32m200[39m [90m178 ms - 139[39m
[35m[HTTP][39m [90m[39m
[35m[HTTP][39m [37m-->[39m [37mGET[39m [37m/wd/hub/session/80619363-031e-458c-b048-af32cad3b91b/element/00000000-0000-01c2-ffff-ffff00000083/location[39m
[35m[HTTP][39m [90m{}[39m
[35m[W3C (80619363)][39m Driver proxy active, passing request on via HTTP proxy
[35m[WD Proxy][39m Replacing sessionId 14bca016-1fd9-4416-b622-67b66eec0427 with 80619363-031e-458c-b048-af32cad3b91b
[35m[HTTP][39m [37m<-- GET /wd/hub/session/80619363-031e-458c-b048-af32cad3b91b/element/00000000-0000-01c2-ffff-ffff00000083/location [39m[32m200[39m [90m24 ms - 77[39m
[35m[HTTP][39m [90m[39m
[35m[HTTP][39m [37m-->[39m [37mPOST[39m [37m/wd/hub/session/80619363-031e-458c-b048-af32cad3b91b/element/00000000-0000-01c2-ffff-ffff00000083/clear[39m
[35m[HTTP][39m [90m{"id":"00000000-0000-01c2-ffff-ffff00000083"}[39m
[35m[HTTP][39m [37m<-- POST /wd/hub/session/80619363-031e-458c-b048-af32cad3b91b/element/00000000-0000-01c2-ffff-ffff00000083/clear [39m[32m200[39m [90m47 ms - 14[39m
[35m[HTTP][39m [90m[39m
[35m[HTTP][39m [37m-->[39m [37mPOST[39m [37m/wd/hub/session/80619363-031e-458c-b048-af32cad3b91b/element/00000000-0000-01c2-ffff-ffff00000083/value[39m
[35m[HTTP][39m [90m{"id":"00000000-0000-01c2-ffff-ffff00000083","text":"scarpe","value":["s","c","a","r","p","e"]}[39m
[35m[HTTP][39m [37m<-- POST /wd/hub/session/80619363-031e-458c-b048-af32cad3b91b/element/00000000-0000-01c2-ffff-ffff00000083/value [39m[32m200[39m [90m1329 ms - 14[39m
[35m[HTTP][39m [90m[39m
[35m[HTTP][39m [37m-->[39m [37mGET[39m [37m/wd/hub/session/80619363-031e-458c-b048-af32cad3b91b/source[39m
[35m[HTTP][39m [90m{}[39m
[35m[W3C (80619363)][39m Driver proxy active, passing request on via HTTP proxy
[35m[WD Proxy][39m Replacing sessionId 14bca016-1fd9-4416-b622-67b66eec0427 with 80619363-031e-458c-b048-af32cad3b91b
[35m[HTTP][39m [37m<-- GET /wd/hub/session/80619363-031e-458c-b048-af32cad3b91b/source [39m[32m200[39m [90m589 ms - 30989[39m
[35m[HTTP][39m [90m[39m
[35m[HTTP][39m [37m-->[39m [37mGET[39m [37m/wd/hub/session/80619363-031e-458c-b048-af32cad3b91b/screenshot[39m
[35m[HTTP][39m [90m{}[39m
[35m[HTTP][39m [37m<-- GET /wd/hub/session/80619363-031e-458c-b048-af32cad3b91b/screenshot [39m[32m200[39m [90m687 ms - 287542[39m
[35m[HTTP][39m [90m[39m
[35m[HTTP][39m [37m-->[39m [37mPOST[39m [37m/wd/hub/session/80619363-031e-458c-b048-af32cad3b91b/elements[39m
[35m[HTTP][39m [90m{"using":"xpath","value":"//*[@class = 'android.widget.LinearLayout' and @resource-id = 'com.amazon.mShop.android.shopping:id/iss_search_dropdown_item_text_layout' and (@text = '' or . = '')]"}[39m
[35m[HTTP][39m [37m<-- POST /wd/hub/session/80619363-031e-458c-b048-af32cad3b91b/elements [39m[32m200[39m [90m180 ms - 1291[39m
[35m[HTTP][39m [90m[39m
[35m[HTTP][39m [37m-->[39m [37mPOST[39m [37m/wd/hub/session/80619363-031e-458c-b048-af32cad3b91b/elements[39m
[35m[HTTP][39m [90m{"using":"id","value":"com.amazon.mShop.android.shopping:id/iss_search_dropdown_item_text_layout"}[39m
[35m[HTTP][39m [37m<-- POST /wd/hub/session/80619363-031e-458c-b048-af32cad3b91b/elements [39m[32m200[39m [90m75 ms - 1291[39m
[35m[HTTP][39m [90m[39m
[35m[HTTP][39m [37m-->[39m [37mPOST[39m [37m/wd/hub/session/80619363-031e-458c-b048-af32cad3b91b/elements[39m
[35m[HTTP][39m [90m{"using":"-android uiautomator","value":"new UiSelector().className(\"android.widget.LinearLayout\").resourceId(\"com.amazon.mShop.android.shopping:id/iss_search_dropdown_item_text_layout\")"}[39m
[35m[HTTP][39m [37m<-- POST /wd/hub/session/80619363-031e-458c-b048-af32cad3b91b/elements [39m[32m200[39m [90m181 ms - 1291[39m
[35m[HTTP][39m [90m[39m
[35m[HTTP][39m [37m-->[39m [37mGET[39m [37m/wd/hub/session/80619363-031e-458c-b048-af32cad3b91b/window/rect[39m
[35m[HTTP][39m [90m{}[39m
[35m[HTTP][39m [37m<-- GET /wd/hub/session/80619363-031e-458c-b048-af32cad3b91b/window/rect [39m[32m200[39m [90m19 ms - 50[39m
[35m[HTTP][39m [90m[39m
[35m[HTTP][39m [37m-->[39m [37mPOST[39m [37m/wd/hub/session/80619363-031e-458c-b048-af32cad3b91b/elements[39m
[35m[HTTP][39m [90m{"using":"xpath","value":"//hierarchy/android.widget.FrameLayout[1]/android.widget.LinearLayout[1]/android.widget.FrameLayout[1]/android.view.ViewGroup[1]/android.widget.FrameLayout[2]/android.widget.LinearLayout[1]/android.widget.FrameLayout[1]/android.widget.ListView[1]/android.widget.LinearLayout[1]/android.widget.LinearLayout[1]"}[39m
[35m[HTTP][39m [37m<-- POST /wd/hub/session/80619363-031e-458c-b048-af32cad3b91b/elements [39m[32m200[39m [90m250 ms - 139[39m
[35m[HTTP][39m [90m[39m
[35m[HTTP][39m [37m-->[39m [37mGET[39m [37m/wd/hub/session/80619363-031e-458c-b048-af32cad3b91b/element/00000000-0000-01c2-ffff-ffff00000097/location[39m
[35m[HTTP][39m [90m{}[39m
[35m[W3C (80619363)][39m Driver proxy active, passing request on via HTTP proxy
[35m[WD Proxy][39m Replacing sessionId 14bca016-1fd9-4416-b622-67b66eec0427 with 80619363-031e-458c-b048-af32cad3b91b
[35m[HTTP][39m [37m<-- GET /wd/hub/session/80619363-031e-458c-b048-af32cad3b91b/element/00000000-0000-01c2-ffff-ffff00000097/location [39m[32m200[39m [90m23 ms - 77[39m
[35m[HTTP][39m [90m[39m
[35m[HTTP][39m [37m-->[39m [37mPOST[39m [37m/wd/hub/session/80619363-031e-458c-b048-af32cad3b91b/element/00000000-0000-01c2-ffff-ffff00000097/click[39m
[35m[HTTP][39m [90m{"id":"00000000-0000-01c2-ffff-ffff00000097"}[39m
[35m[HTTP][39m [37m<-- POST /wd/hub/session/80619363-031e-458c-b048-af32cad3b91b/element/00000000-0000-01c2-ffff-ffff00000097/click [39m[32m200[39m [90m2334 ms - 14[39m
[35m[HTTP][39m [90m[39m
[35m[HTTP][39m [37m-->[39m [37mGET[39m [37m/wd/hub/session/80619363-031e-458c-b048-af32cad3b91b/source[39m
[35m[HTTP][39m [90m{}[39m
[35m[W3C (80619363)][39m Driver proxy active, passing request on via HTTP proxy
[35m[WD Proxy][39m Replacing sessionId 14bca016-1fd9-4416-b622-67b66eec0427 with 80619363-031e-458c-b048-af32cad3b91b
[35m[HTTP][39m [37m<-- GET /wd/hub/session/80619363-031e-458c-b048-af32cad3b91b/source [39m[32m200[39m [90m1122 ms - 46705[39m
[35m[HTTP][39m [90m[39m
[35m[HTTP][39m [37m-->[39m [37mGET[39m [37m/wd/hub/session/80619363-031e-458c-b048-af32cad3b91b/screenshot[39m
[35m[HTTP][39m [90m{}[39m
[35m[HTTP][39m [37m<-- GET /wd/hub/session/80619363-031e-458c-b048-af32cad3b91b/screenshot [39m[32m200[39m [90m771 ms - 720798[39m
[35m[HTTP][39m [90m[39m
[35m[HTTP][39m [37m-->[39m [37mGET[39m [37m/wd/hub/session/80619363-031e-458c-b048-af32cad3b91b/context[39m
[35m[HTTP][39m [90m{}[39m
[35m[HTTP][39m [37m<-- GET /wd/hub/session/80619363-031e-458c-b048-af32cad3b91b/context [39m[32m200[39m [90m1 ms - 22[39m
[35m[HTTP][39m [90m[39m
[35m[HTTP][39m [37m-->[39m [37mGET[39m [37m/wd/hub/session/80619363-031e-458c-b048-af32cad3b91b/contexts[39m
[35m[HTTP][39m [90m{}[39m
[35m[HTTP][39m [37m<-- GET /wd/hub/session/80619363-031e-458c-b048-af32cad3b91b/contexts [39m[32m200[39m [90m126 ms - 24[39m
[35m[HTTP][39m [90m[39m
[35m[HTTP][39m [37m-->[39m [37mPOST[39m [37m/wd/hub/session/80619363-031e-458c-b048-af32cad3b91b/context[39m
[35m[HTTP][39m [90m{"name":"NATIVE_APP"}[39m
[35m[HTTP][39m [37m<-- POST /wd/hub/session/80619363-031e-458c-b048-af32cad3b91b/context [39m[32m200[39m [90m1 ms - 14[39m
[35m[HTTP][39m [90m[39m
[35m[HTTP][39m [37m-->[39m [37mPOST[39m [37m/wd/hub/session/80619363-031e-458c-b048-af32cad3b91b/element[39m
[35m[HTTP][39m [90m{"using":"-android uiautomator","value":"new UiScrollable(new UiSelector().scrollable(true).instance(0)).scrollIntoView(new UiSelector().textContains(\"SUPERGA\"))"}[39m
[35m[HTTP][39m [37m<-- POST /wd/hub/session/80619363-031e-458c-b048-af32cad3b91b/element [39m[32m200[39m [90m198 ms - 137[39m
[35m[HTTP][39m [90m[39m
[35m[HTTP][39m [37m-->[39m [37mPOST[39m [37m/wd/hub/session/80619363-031e-458c-b048-af32cad3b91b/context[39m
[35m[HTTP][39m [90m{"name":"NATIVE_APP"}[39m
[35m[HTTP][39m [37m<-- POST /wd/hub/session/80619363-031e-458c-b048-af32cad3b91b/context [39m[32m200[39m [90m1 ms - 14[39m
[35m[HTTP][39m [90m[39m
[35m[HTTP][39m [37m-->[39m [37mGET[39m [37m/wd/hub/session/80619363-031e-458c-b048-af32cad3b91b/source[39m
[35m[HTTP][39m [90m{}[39m
[35m[W3C (80619363)][39m Driver proxy active, passing request on via HTTP proxy
[35m[WD Proxy][39m Replacing sessionId 14bca016-1fd9-4416-b622-67b66eec0427 with 80619363-031e-458c-b048-af32cad3b91b
[35m[HTTP][39m [37m<-- GET /wd/hub/session/80619363-031e-458c-b048-af32cad3b91b/source [39m[32m200[39m [90m539 ms - 64151[39m
[35m[HTTP][39m [90m[39m
[35m[HTTP][39m [37m-->[39m [37mGET[39m [37m/wd/hub/session/80619363-031e-458c-b048-af32cad3b91b/screenshot[39m
[35m[HTTP][39m [90m{}[39m
[35m[HTTP][39m [37m<-- GET /wd/hub/session/80619363-031e-458c-b048-af32cad3b91b/screenshot [39m[32m200[39m [90m832 ms - 535844[39m
[35m[HTTP][39m [90m[39m
[35m[HTTP][39m [37m-->[39m [37mPOST[39m [37m/wd/hub/session/80619363-031e-458c-b048-af32cad3b91b/elements[39m
[35m[HTTP][39m [90m{"using":"xpath","value":"//*[@class = 'android.widget.Image' and (@text = 'SUPERGA 2750 Cotu Classic, Sneaker Unisex-Adulto' or . = 'SUPERGA 2750 Cotu Classic, Sneaker Unisex-Adulto')]"}[39m
[35m[HTTP][39m [37m<-- POST /wd/hub/session/80619363-031e-458c-b048-af32cad3b91b/elements [39m[32m200[39m [90m550 ms - 139[39m
[35m[HTTP][39m [90m[39m
[35m[HTTP][39m [37m-->[39m [37mGET[39m [37m/wd/hub/session/80619363-031e-458c-b048-af32cad3b91b/window/rect[39m
[35m[HTTP][39m [90m{}[39m
[35m[HTTP][39m [37m<-- GET /wd/hub/session/80619363-031e-458c-b048-af32cad3b91b/window/rect [39m[32m200[39m [90m12 ms - 50[39m
[35m[HTTP][39m [90m[39m
[35m[HTTP][39m [37m-->[39m [37mPOST[39m [37m/wd/hub/session/80619363-031e-458c-b048-af32cad3b91b/elements[39m
[35m[HTTP][39m [90m{"using":"xpath","value":"//*[@class = 'android.widget.Image' and (@text = 'SUPERGA 2750 Cotu Classic, Sneaker Unisex-Adulto' or . = 'SUPERGA 2750 Cotu Classic, Sneaker Unisex-Adulto')]"}[39m
[35m[HTTP][39m [37m<-- POST /wd/hub/session/80619363-031e-458c-b048-af32cad3b91b/elements [39m[32m200[39m [90m442 ms - 139[39m
[35m[HTTP][39m [90m[39m
[35m[HTTP][39m [37m-->[39m [37mGET[39m [37m/wd/hub/session/80619363-031e-458c-b048-af32cad3b91b/element/00000000-0000-01c2-0000-0496000000d4/location[39m
[35m[HTTP][39m [90m{}[39m
[35m[W3C (80619363)][39m Driver proxy active, passing request on via HTTP proxy
[35m[WD Proxy][39m Replacing sessionId 14bca016-1fd9-4416-b622-67b66eec0427 with 80619363-031e-458c-b048-af32cad3b91b
[35m[HTTP][39m [37m<-- GET /wd/hub/session/80619363-031e-458c-b048-af32cad3b91b/element/00000000-0000-01c2-0000-0496000000d4/location [39m[32m200[39m [90m274 ms - 78[39m
[35m[HTTP][39m [90m[39m
[35m[HTTP][39m [37m-->[39m [37mPOST[39m [37m/wd/hub/session/80619363-031e-458c-b048-af32cad3b91b/element/00000000-0000-01c2-0000-0496000000d4/click[39m
[35m[HTTP][39m [90m{"id":"00000000-0000-01c2-0000-0496000000d4"}[39m
[35m[HTTP][39m [37m<-- POST /wd/hub/session/80619363-031e-458c-b048-af32cad3b91b/element/00000000-0000-01c2-0000-0496000000d4/click [39m[32m200[39m [90m64 ms - 14[39m
[35m[HTTP][39m [90m[39m
[35m[HTTP][39m [37m-->[39m [37mGET[39m [37m/wd/hub/session/80619363-031e-458c-b048-af32cad3b91b/source[39m
[35m[HTTP][39m [90m{}[39m
[35m[W3C (80619363)][39m Driver proxy active, passing request on via HTTP proxy
[35m[WD Proxy][39m Replacing sessionId 14bca016-1fd9-4416-b622-67b66eec0427 with 80619363-031e-458c-b048-af32cad3b91b
[35m[HTTP][39m [37m<-- GET /wd/hub/session/80619363-031e-458c-b048-af32cad3b91b/source [39m[32m200[39m [90m733 ms - 25691[39m
[35m[HTTP][39m [90m[39m
[35m[HTTP][39m [37m-->[39m [37mGET[39m [37m/wd/hub/session/80619363-031e-458c-b048-af32cad3b91b/screenshot[39m
[35m[HTTP][39m [90m{}[39m
[35m[HTTP][39m [37m<-- GET /wd/hub/session/80619363-031e-458c-b048-af32cad3b91b/screenshot [39m[32m200[39m [90m631 ms - 161962[39m
[35m[HTTP][39m [90m[39m
[35m[HTTP][39m [37m-->[39m [37mGET[39m [37m/wd/hub/session/80619363-031e-458c-b048-af32cad3b91b/source[39m
[35m[HTTP][39m [90m{}[39m
[35m[W3C (80619363)][39m Driver proxy active, passing request on via HTTP proxy
[35m[WD Proxy][39m Replacing sessionId 14bca016-1fd9-4416-b622-67b66eec0427 with 80619363-031e-458c-b048-af32cad3b91b
[35m[HTTP][39m [37m<-- GET /wd/hub/session/80619363-031e-458c-b048-af32cad3b91b/source [39m[32m200[39m [90m623 ms - 65570[39m
[35m[HTTP][39m [90m[39m
[35m[HTTP][39m [37m-->[39m [37mGET[39m [37m/wd/hub/session/80619363-031e-458c-b048-af32cad3b91b/screenshot[39m
[35m[HTTP][39m [90m{}[39m
[35m[HTTP][39m [37m<-- GET /wd/hub/session/80619363-031e-458c-b048-af32cad3b91b/screenshot [39m[32m200[39m [90m1126 ms - 1098984[39m
[35m[HTTP][39m [90m[39m
[35m[HTTP][39m [37m-->[39m [37mGET[39m [37m/wd/hub/session/80619363-031e-458c-b048-af32cad3b91b/context[39m
[35m[HTTP][39m [90m{}[39m
[35m[HTTP][39m [37m<-- GET /wd/hub/session/80619363-031e-458c-b048-af32cad3b91b/context [39m[32m200[39m [90m2 ms - 22[39m
[35m[HTTP][39m [90m[39m
[35m[HTTP][39m [37m-->[39m [37mGET[39m [37m/wd/hub/session/80619363-031e-458c-b048-af32cad3b91b/contexts[39m
[35m[HTTP][39m [90m{}[39m
[35m[HTTP][39m [37m<-- GET /wd/hub/session/80619363-031e-458c-b048-af32cad3b91b/contexts [39m[32m200[39m [90m103 ms - 24[39m
[35m[HTTP][39m [90m[39m
[35m[HTTP][39m [37m-->[39m [37mPOST[39m [37m/wd/hub/session/80619363-031e-458c-b048-af32cad3b91b/context[39m
[35m[HTTP][39m [90m{"name":"NATIVE_APP"}[39m
[35m[HTTP][39m [37m<-- POST /wd/hub/session/80619363-031e-458c-b048-af32cad3b91b/context [39m[32m200[39m [90m1 ms - 14[39m
[35m[HTTP][39m [90m[39m
[35m[HTTP][39m [37m-->[39m [37mPOST[39m [37m/wd/hub/session/80619363-031e-458c-b048-af32cad3b91b/element[39m
[35m[HTTP][39m [90m{"using":"-android uiautomator","value":"new UiScrollable(new UiSelector().scrollable(true).instance(0)).scrollIntoView(new UiSelector().textContains(\"Aggiungi al carrello\"))"}[39m
[35m[HTTP][39m [37m<-- POST /wd/hub/session/80619363-031e-458c-b048-af32cad3b91b/element [39m[32m200[39m [90m4651 ms - 137[39m
[35m[HTTP][39m [90m[39m
[35m[HTTP][39m [37m-->[39m [37mPOST[39m [37m/wd/hub/session/80619363-031e-458c-b048-af32cad3b91b/context[39m
[35m[HTTP][39m [90m{"name":"NATIVE_APP"}[39m
[35m[HTTP][39m [37m<-- POST /wd/hub/session/80619363-031e-458c-b048-af32cad3b91b/context [39m[32m200[39m [90m1 ms - 14[39m
[35m[HTTP][39m [90m[39m
[35m[HTTP][39m [37m-->[39m [37mGET[39m [37m/wd/hub/session/80619363-031e-458c-b048-af32cad3b91b/source[39m
[35m[HTTP][39m [90m{}[39m
[35m[W3C (80619363)][39m Driver proxy active, passing request on via HTTP proxy
[35m[WD Proxy][39m Replacing sessionId 14bca016-1fd9-4416-b622-67b66eec0427 with 80619363-031e-458c-b048-af32cad3b91b
[35m[HTTP][39m [37m<-- GET /wd/hub/session/80619363-031e-458c-b048-af32cad3b91b/source [39m[32m200[39m [90m832 ms - 65262[39m
[35m[HTTP][39m [90m[39m
[35m[HTTP][39m [37m-->[39m [37mGET[39m [37m/wd/hub/session/80619363-031e-458c-b048-af32cad3b91b/screenshot[39m
[35m[HTTP][39m [90m{}[39m
[35m[HTTP][39m [37m<-- GET /wd/hub/session/80619363-031e-458c-b048-af32cad3b91b/screenshot [39m[32m200[39m [90m666 ms - 234066[39m
[35m[HTTP][39m [90m[39m
[35m[HTTP][39m [37m-->[39m [37mPOST[39m [37m/wd/hub/session/80619363-031e-458c-b048-af32cad3b91b/elements[39m
[35m[HTTP][39m [90m{"using":"xpath","value":"//*[@class = 'android.widget.Button' and (@text = 'Aggiungi al carrello' or . = 'Aggiungi al carrello') and @resource-id = 'add-to-cart-button']"}[39m
[35m[HTTP][39m [37m<-- POST /wd/hub/session/80619363-031e-458c-b048-af32cad3b91b/elements [39m[32m200[39m [90m780 ms - 139[39m
[35m[HTTP][39m [90m[39m
[35m[HTTP][39m [37m-->[39m [37mGET[39m [37m/wd/hub/session/80619363-031e-458c-b048-af32cad3b91b/window/rect[39m
[35m[HTTP][39m [90m{}[39m
[35m[HTTP][39m [37m<-- GET /wd/hub/session/80619363-031e-458c-b048-af32cad3b91b/window/rect [39m[32m200[39m [90m17 ms - 50[39m
[35m[HTTP][39m [90m[39m
[35m[HTTP][39m [37m-->[39m [37mPOST[39m [37m/wd/hub/session/80619363-031e-458c-b048-af32cad3b91b/elements[39m
[35m[HTTP][39m [90m{"using":"xpath","value":"//*[@class = 'android.widget.Button' and (@text = 'Aggiungi al carrello' or . = 'Aggiungi al carrello') and @resource-id = 'add-to-cart-button']"}[39m
[35m[HTTP][39m [37m<-- POST /wd/hub/session/80619363-031e-458c-b048-af32cad3b91b/elements [39m[32m200[39m [90m627 ms - 139[39m
[35m[HTTP][39m [90m[39m
[35m[HTTP][39m [37m-->[39m [37mGET[39m [37m/wd/hub/session/80619363-031e-458c-b048-af32cad3b91b/element/00000000-0000-01c2-0000-2a10000000e2/location[39m
[35m[HTTP][39m [90m{}[39m
[35m[W3C (80619363)][39m Driver proxy active, passing request on via HTTP proxy
[35m[WD Proxy][39m Replacing sessionId 14bca016-1fd9-4416-b622-67b66eec0427 with 80619363-031e-458c-b048-af32cad3b91b
[35m[HTTP][39m [37m<-- GET /wd/hub/session/80619363-031e-458c-b048-af32cad3b91b/element/00000000-0000-01c2-0000-2a10000000e2/location [39m[32m200[39m [90m19 ms - 77[39m
[35m[HTTP][39m [90m[39m
[35m[HTTP][39m [37m-->[39m [37mPOST[39m [37m/wd/hub/session/80619363-031e-458c-b048-af32cad3b91b/element/00000000-0000-01c2-0000-2a10000000e2/click[39m
[35m[HTTP][39m [90m{"id":"00000000-0000-01c2-0000-2a10000000e2"}[39m
[35m[HTTP][39m [37m<-- POST /wd/hub/session/80619363-031e-458c-b048-af32cad3b91b/element/00000000-0000-01c2-0000-2a10000000e2/click [39m[32m200[39m [90m52 ms - 14[39m
[35m[HTTP][39m [90m[39m
[35m[HTTP][39m [37m-->[39m [37mGET[39m [37m/wd/hub/session/80619363-031e-458c-b048-af32cad3b91b/source[39m
[35m[HTTP][39m [90m{}[39m
[35m[W3C (80619363)][39m Driver proxy active, passing request on via HTTP proxy
[35m[WD Proxy][39m Replacing sessionId 14bca016-1fd9-4416-b622-67b66eec0427 with 80619363-031e-458c-b048-af32cad3b91b
[35m[HTTP][39m [37m<-- GET /wd/hub/session/80619363-031e-458c-b048-af32cad3b91b/source [39m[32m200[39m [90m755 ms - 72942[39m
[35m[HTTP][39m [90m[39m
[35m[HTTP][39m [37m-->[39m [37mGET[39m [37m/wd/hub/session/80619363-031e-458c-b048-af32cad3b91b/screenshot[39m
[35m[HTTP][39m [90m{}[39m
[35m[HTTP][39m [37m<-- GET /wd/hub/session/80619363-031e-458c-b048-af32cad3b91b/screenshot [39m[32m200[39m [90m844 ms - 687682[39m
[35m[HTTP][39m [90m[39m
[35m[HTTP][39m [37m-->[39m [37mPOST[39m [37m/wd/hub/session/80619363-031e-458c-b048-af32cad3b91b/elements[39m
[35m[HTTP][39m [90m{"using":"xpath","value":"//*[@class = 'android.widget.Button' and (@text = '35.5 EU' or . = '35.5 EU')]"}[39m
[35m[HTTP][39m [37m<-- POST /wd/hub/session/80619363-031e-458c-b048-af32cad3b91b/elements [39m[32m200[39m [90m454 ms - 139[39m
[35m[HTTP][39m [90m[39m
[35m[HTTP][39m [37m-->[39m [37mGET[39m [37m/wd/hub/session/80619363-031e-458c-b048-af32cad3b91b/window/rect[39m
[35m[HTTP][39m [90m{}[39m
[35m[HTTP][39m [37m<-- GET /wd/hub/session/80619363-031e-458c-b048-af32cad3b91b/window/rect [39m[32m200[39m [90m17 ms - 50[39m
[35m[HTTP][39m [90m[39m
[35m[HTTP][39m [37m-->[39m [37mPOST[39m [37m/wd/hub/session/80619363-031e-458c-b048-af32cad3b91b/elements[39m
[35m[HTTP][39m [90m{"using":"xpath","value":"//*[@class = 'android.widget.Button' and (@text = '35.5 EU' or . = '35.5 EU')]"}[39m
[35m[HTTP][39m [37m<-- POST /wd/hub/session/80619363-031e-458c-b048-af32cad3b91b/elements [39m[32m200[39m [90m365 ms - 139[39m
[35m[HTTP][39m [90m[39m
[35m[HTTP][39m [37m-->[39m [37mGET[39m [37m/wd/hub/session/80619363-031e-458c-b048-af32cad3b91b/element/00000000-0000-01c2-0000-28d2000000e2/location[39m
[35m[HTTP][39m [90m{}[39m
[35m[W3C (80619363)][39m Driver proxy active, passing request on via HTTP proxy
[35m[WD Proxy][39m Replacing sessionId 14bca016-1fd9-4416-b622-67b66eec0427 with 80619363-031e-458c-b048-af32cad3b91b
[35m[HTTP][39m [37m<-- GET /wd/hub/session/80619363-031e-458c-b048-af32cad3b91b/element/00000000-0000-01c2-0000-28d2000000e2/location [39m[32m200[39m [90m19 ms - 79[39m
[35m[HTTP][39m [90m[39m
[35m[HTTP][39m [37m-->[39m [37mPOST[39m [37m/wd/hub/session/80619363-031e-458c-b048-af32cad3b91b/element/00000000-0000-01c2-0000-28d2000000e2/click[39m
[35m[HTTP][39m [90m{"id":"00000000-0000-01c2-0000-28d2000000e2"}[39m
[35m[HTTP][39m [37m<-- POST /wd/hub/session/80619363-031e-458c-b048-af32cad3b91b/element/00000000-0000-01c2-0000-28d2000000e2/click [39m[32m200[39m [90m48 ms - 14[39m
[35m[HTTP][39m [90m[39m
[35m[HTTP][39m [37m-->[39m [37mGET[39m [37m/wd/hub/session/80619363-031e-458c-b048-af32cad3b91b/source[39m
[35m[HTTP][39m [90m{}[39m
[35m[W3C (80619363)][39m Driver proxy active, passing request on via HTTP proxy
[35m[WD Proxy][39m Replacing sessionId 14bca016-1fd9-4416-b622-67b66eec0427 with 80619363-031e-458c-b048-af32cad3b91b
[35m[HTTP][39m [37m<-- GET /wd/hub/session/80619363-031e-458c-b048-af32cad3b91b/source [39m[32m200[39m [90m534 ms - 73365[39m
[35m[HTTP][39m [90m[39m
[35m[HTTP][39m [37m-->[39m [37mGET[39m [37m/wd/hub/session/80619363-031e-458c-b048-af32cad3b91b/screenshot[39m
[35m[HTTP][39m [90m{}[39m
[35m[HTTP][39m [37m<-- GET /wd/hub/session/80619363-031e-458c-b048-af32cad3b91b/screenshot [39m[32m200[39m [90m841 ms - 675180[39m
[35m[HTTP][39m [90m[39m
[35m[HTTP][39m [37m-->[39m [37mPOST[39m [37m/wd/hub/session/80619363-031e-458c-b048-af32cad3b91b/elements[39m
[35m[HTTP][39m [90m{"using":"xpath","value":"//*[@class = 'android.widget.Button' and (@text = 'Aggiungi al carrello' or . = 'Aggiungi al carrello') and @resource-id = 'add-to-cart-button']"}[39m
[35m[HTTP][39m [37m<-- POST /wd/hub/session/80619363-031e-458c-b048-af32cad3b91b/elements [39m[32m200[39m [90m25821 ms - 139[39m
[35m[HTTP][39m [90m[39m
[35m[HTTP][39m [37m-->[39m [37mGET[39m [37m/wd/hub/session/80619363-031e-458c-b048-af32cad3b91b/window/rect[39m
[35m[HTTP][39m [90m{}[39m
[35m[HTTP][39m [37m<-- GET /wd/hub/session/80619363-031e-458c-b048-af32cad3b91b/window/rect [39m[32m200[39m [90m10 ms - 50[39m
[35m[HTTP][39m [90m[39m
[35m[HTTP][39m [37m-->[39m [37mPOST[39m [37m/wd/hub/session/80619363-031e-458c-b048-af32cad3b91b/elements[39m
[35m[HTTP][39m [90m{"using":"xpath","value":"//*[@class = 'android.widget.Button' and (@text = 'Aggiungi al carrello' or . = 'Aggiungi al carrello') and @resource-id = 'add-to-cart-button']"}[39m
[35m[HTTP][39m [37m<-- POST /wd/hub/session/80619363-031e-458c-b048-af32cad3b91b/elements [39m[32m200[39m [90m1202 ms - 139[39m
[35m[HTTP][39m [90m[39m
[35m[HTTP][39m [37m-->[39m [37mGET[39m [37m/wd/hub/session/80619363-031e-458c-b048-af32cad3b91b/element/00000000-0000-01c2-0000-3d9b000000e2/location[39m
[35m[HTTP][39m [90m{}[39m
[35m[W3C (80619363)][39m Driver proxy active, passing request on via HTTP proxy
[35m[WD Proxy][39m Replacing sessionId 14bca016-1fd9-4416-b622-67b66eec0427 with 80619363-031e-458c-b048-af32cad3b91b
[35m[HTTP][39m [37m<-- GET /wd/hub/session/80619363-031e-458c-b048-af32cad3b91b/element/00000000-0000-01c2-0000-3d9b000000e2/location [39m[32m200[39m [90m20 ms - 78[39m
[35m[HTTP][39m [90m[39m
[35m[HTTP][39m [37m-->[39m [37mPOST[39m [37m/wd/hub/session/80619363-031e-458c-b048-af32cad3b91b/element/00000000-0000-01c2-0000-3d9b000000e2/click[39m
[35m[HTTP][39m [90m{"id":"00000000-0000-01c2-0000-3d9b000000e2"}[39m
[35m[HTTP][39m [37m<-- POST /wd/hub/session/80619363-031e-458c-b048-af32cad3b91b/element/00000000-0000-01c2-0000-3d9b000000e2/click [39m[32m200[39m [90m50 ms - 14[39m
[35m[HTTP][39m [90m[39m
[35m[HTTP][39m [37m-->[39m [37mGET[39m [37m/wd/hub/session/80619363-031e-458c-b048-af32cad3b91b/source[39m
[35m[HTTP][39m [90m{}[39m
[35m[W3C (80619363)][39m Driver proxy active, passing request on via HTTP proxy
[35m[WD Proxy][39m Replacing sessionId 14bca016-1fd9-4416-b622-67b66eec0427 with 80619363-031e-458c-b048-af32cad3b91b
[35m[HTTP][39m [37m<-- GET /wd/hub/session/80619363-031e-458c-b048-af32cad3b91b/source [39m[32m200[39m [90m1076 ms - 72362[39m
[35m[HTTP][39m [90m[39m
[35m[HTTP][39m [37m-->[39m [37mGET[39m [37m/wd/hub/session/80619363-031e-458c-b048-af32cad3b91b/screenshot[39m
[35m[HTTP][39m [90m{}[39m
[35m[HTTP][39m [37m<-- GET /wd/hub/session/80619363-031e-458c-b048-af32cad3b91b/screenshot [39m[32m200[39m [90m711 ms - 281662[39m
[35m[HTTP][39m [90m[39m
[35m[HTTP][39m [37m-->[39m [37mPOST[39m [37m/wd/hub/session/80619363-031e-458c-b048-af32cad3b91b/elements[39m
[35m[HTTP][39m [90m{"using":"xpath","value":"//*[@class = 'android.widget.ImageView' and @resource-id = 'com.amazon.mShop.android.shopping:id/bottom_tab_button_icon' and (@text = '' or . = '')]"}[39m
[35m[HTTP][39m [37m<-- POST /wd/hub/session/80619363-031e-458c-b048-af32cad3b91b/elements [39m[32m200[39m [90m721 ms - 523[39m
[35m[HTTP][39m [90m[39m
[35m[HTTP][39m [37m-->[39m [37mPOST[39m [37m/wd/hub/session/80619363-031e-458c-b048-af32cad3b91b/elements[39m
[35m[HTTP][39m [90m{"using":"id","value":"com.amazon.mShop.android.shopping:id/bottom_tab_button_icon"}[39m
[35m[HTTP][39m [37m<-- POST /wd/hub/session/80619363-031e-458c-b048-af32cad3b91b/elements [39m[32m200[39m [90m416 ms - 523[39m
[35m[HTTP][39m [90m[39m
[35m[HTTP][39m [37m-->[39m [37mPOST[39m [37m/wd/hub/session/80619363-031e-458c-b048-af32cad3b91b/elements[39m
[35m[HTTP][39m [90m{"using":"-android uiautomator","value":"new UiSelector().className(\"android.widget.ImageView\").resourceId(\"com.amazon.mShop.android.shopping:id/bottom_tab_button_icon\")"}[39m
[35m[HTTP][39m [37m<-- POST /wd/hub/session/80619363-031e-458c-b048-af32cad3b91b/elements [39m[32m200[39m [90m645 ms - 523[39m
[35m[HTTP][39m [90m[39m
[35m[HTTP][39m [37m-->[39m [37mGET[39m [37m/wd/hub/session/80619363-031e-458c-b048-af32cad3b91b/window/rect[39m
[35m[HTTP][39m [90m{}[39m
[35m[HTTP][39m [37m<-- GET /wd/hub/session/80619363-031e-458c-b048-af32cad3b91b/window/rect [39m[32m200[39m [90m20 ms - 50[39m
[35m[HTTP][39m [90m[39m
[35m[HTTP][39m [37m-->[39m [37mPOST[39m [37m/wd/hub/session/80619363-031e-458c-b048-af32cad3b91b/elements[39m
[35m[HTTP][39m [90m{"using":"xpath","value":"//hierarchy/android.widget.FrameLayout[1]/android.widget.LinearLayout[1]/android.widget.FrameLayout[1]/android.view.ViewGroup[1]/android.widget.LinearLayout[4]/android.view.ViewGroup[1]/android.widget.HorizontalScrollView[1]/android.widget.LinearLayout[1]/androidx.appcompat.app.ActionBar.Tab[3]/android.widget.FrameLayout[1]/android.widget.ImageView[1]"}[39m
[35m[HTTP][39m [37m<-- POST /wd/hub/session/80619363-031e-458c-b048-af32cad3b91b/elements [39m[32m200[39m [90m515 ms - 139[39m
[35m[HTTP][39m [90m[39m
[35m[HTTP][39m [37m-->[39m [37mGET[39m [37m/wd/hub/session/80619363-031e-458c-b048-af32cad3b91b/element/00000000-0000-01c2-ffff-ffff00000056/location[39m
[35m[HTTP][39m [90m{}[39m
[35m[W3C (80619363)][39m Driver proxy active, passing request on via HTTP proxy
[35m[WD Proxy][39m Replacing sessionId 14bca016-1fd9-4416-b622-67b66eec0427 with 80619363-031e-458c-b048-af32cad3b91b
[35m[HTTP][39m [37m<-- GET /wd/hub/session/80619363-031e-458c-b048-af32cad3b91b/element/00000000-0000-01c2-ffff-ffff00000056/location [39m[32m200[39m [90m16 ms - 79[39m
[35m[HTTP][39m [90m[39m
[35m[HTTP][39m [37m-->[39m [37mPOST[39m [37m/wd/hub/session/80619363-031e-458c-b048-af32cad3b91b/element/00000000-0000-01c2-ffff-ffff00000056/click[39m
[35m[HTTP][39m [90m{"id":"00000000-0000-01c2-ffff-ffff00000056"}[39m
[35m[HTTP][39m [37m<-- POST /wd/hub/session/80619363-031e-458c-b048-af32cad3b91b/element/00000000-0000-01c2-ffff-ffff00000056/click [39m[32m200[39m [90m53 ms - 14[39m
[35m[HTTP][39m [90m[39m
[35m[HTTP][39m [37m-->[39m [37mGET[39m [37m/wd/hub/session/80619363-031e-458c-b048-af32cad3b91b/source[39m
[35m[HTTP][39m [90m{}[39m
[35m[W3C (80619363)][39m Driver proxy active, passing request on via HTTP proxy
[35m[WD Proxy][39m Replacing sessionId 14bca016-1fd9-4416-b622-67b66eec0427 with 80619363-031e-458c-b048-af32cad3b91b
[35m[HTTP][39m [37m<-- GET /wd/hub/session/80619363-031e-458c-b048-af32cad3b91b/source [39m[32m200[39m [90m2673 ms - 56777[39m
[35m[HTTP][39m [90m[39m
[35m[HTTP][39m [37m-->[39m [37mGET[39m [37m/wd/hub/session/80619363-031e-458c-b048-af32cad3b91b/screenshot[39m
[35m[HTTP][39m [90m{}[39m
[35m[HTTP][39m [37m<-- GET /wd/hub/session/80619363-031e-458c-b048-af32cad3b91b/screenshot [39m[32m200[39m [90m768 ms - 490632[39m
[35m[HTTP][39m [90m[39m
[35m[HTTP][39m [37m-->[39m [37mPOST[39m [37m/wd/hub/session/80619363-031e-458c-b048-af32cad3b91b/elements[39m
[35m[HTTP][39m [90m{"using":"xpath","value":"//*[@class = 'android.widget.Button' and (@text = 'Rimuovi' or . = 'Rimuovi')]"}[39m
[35m[HTTP][39m [37m<-- POST /wd/hub/session/80619363-031e-458c-b048-af32cad3b91b/elements [39m[32m200[39m [90m238 ms - 139[39m
[35m[HTTP][39m [90m[39m
[35m[HTTP][39m [37m-->[39m [37mGET[39m [37m/wd/hub/session/80619363-031e-458c-b048-af32cad3b91b/window/rect[39m
[35m[HTTP][39m [90m{}[39m
[35m[HTTP][39m [37m<-- GET /wd/hub/session/80619363-031e-458c-b048-af32cad3b91b/window/rect [39m[32m200[39m [90m15 ms - 50[39m
[35m[HTTP][39m [90m[39m
[35m[HTTP][39m [37m-->[39m [37mPOST[39m [37m/wd/hub/session/80619363-031e-458c-b048-af32cad3b91b/elements[39m
[35m[HTTP][39m [90m{"using":"xpath","value":"//*[@class = 'android.widget.Button' and (@text = 'Rimuovi' or . = 'Rimuovi')]"}[39m
[35m[HTTP][39m [37m<-- POST /wd/hub/session/80619363-031e-458c-b048-af32cad3b91b/elements [39m[32m200[39m [90m198 ms - 139[39m
[35m[HTTP][39m [90m[39m
[35m[HTTP][39m [37m-->[39m [37mGET[39m [37m/wd/hub/session/80619363-031e-458c-b048-af32cad3b91b/element/00000000-0000-01c2-0000-48e0000000f3/location[39m
[35m[HTTP][39m [90m{}[39m
[35m[W3C (80619363)][39m Driver proxy active, passing request on via HTTP proxy
[35m[WD Proxy][39m Replacing sessionId 14bca016-1fd9-4416-b622-67b66eec0427 with 80619363-031e-458c-b048-af32cad3b91b
[35m[HTTP][39m [37m<-- GET /wd/hub/session/80619363-031e-458c-b048-af32cad3b91b/element/00000000-0000-01c2-0000-48e0000000f3/location [39m[32m200[39m [90m20 ms - 79[39m
[35m[HTTP][39m [90m[39m
[35m[HTTP][39m [37m-->[39m [37mPOST[39m [37m/wd/hub/session/80619363-031e-458c-b048-af32cad3b91b/element/00000000-0000-01c2-0000-48e0000000f3/click[39m
[35m[HTTP][39m [90m{"id":"00000000-0000-01c2-0000-48e0000000f3"}[39m
[35m[HTTP][39m [37m<-- POST /wd/hub/session/80619363-031e-458c-b048-af32cad3b91b/element/00000000-0000-01c2-0000-48e0000000f3/click [39m[32m200[39m [90m49 ms - 14[39m
[35m[HTTP][39m [90m[39m
[35m[HTTP][39m [37m-->[39m [37mGET[39m [37m/wd/hub/session/80619363-031e-458c-b048-af32cad3b91b/source[39m
[35m[HTTP][39m [90m{}[39m
[35m[W3C (80619363)][39m Driver proxy active, passing request on via HTTP proxy
[35m[WD Proxy][39m Replacing sessionId 14bca016-1fd9-4416-b622-67b66eec0427 with 80619363-031e-458c-b048-af32cad3b91b
[35m[HTTP][39m [37m<-- GET /wd/hub/session/80619363-031e-458c-b048-af32cad3b91b/source [39m[32m200[39m [90m1240 ms - 51160[39m
[35m[HTTP][39m [90m[39m
[35m[HTTP][39m [37m-->[39m [37mGET[39m [37m/wd/hub/session/80619363-031e-458c-b048-af32cad3b91b/screenshot[39m
[35m[HTTP][39m [90m{}[39m
[35m[HTTP][39m [37m<-- GET /wd/hub/session/80619363-031e-458c-b048-af32cad3b91b/screenshot [39m[32m200[39m [90m881 ms - 790560[39m
[35m[HTTP][39m [90m[39m
[35m[HTTP][39m [37m-->[39m [37mGET[39m [37m/wd/hub/session/80619363-031e-458c-b048-af32cad3b91b/context[39m
[35m[HTTP][39m [90m{}[39m
[35m[HTTP][39m [37m<-- GET /wd/hub/session/80619363-031e-458c-b048-af32cad3b91b/context [39m[32m200[39m [90m1 ms - 22[39m
[35m[HTTP][39m [90m[39m
[35m[HTTP][39m [37m-->[39m [37mGET[39m [37m/wd/hub/session/80619363-031e-458c-b048-af32cad3b91b/contexts[39m
[35m[HTTP][39m [90m{}[39m
[35m[HTTP][39m [37m<-- GET /wd/hub/session/80619363-031e-458c-b048-af32cad3b91b/contexts [39m[32m200[39m [90m100 ms - 24[39m
[35m[HTTP][39m [90m[39m
[35m[HTTP][39m [37m-->[39m [37mPOST[39m [37m/wd/hub/session/80619363-031e-458c-b048-af32cad3b91b/context[39m
[35m[HTTP][39m [90m{"name":"NATIVE_APP"}[39m
[35m[HTTP][39m [37m<-- POST /wd/hub/session/80619363-031e-458c-b048-af32cad3b91b/context [39m[32m200[39m [90m1 ms - 14[39m
[35m[HTTP][39m [90m[39m
[35m[HTTP][39m [37m-->[39m [37mPOST[39m [37m/wd/hub/session/80619363-031e-458c-b048-af32cad3b91b/element[39m
[35m[HTTP][39m [90m{"using":"-android uiautomator","value":"new UiScrollable(new UiSelector().scrollable(true).instance(0)).scrollIntoView(new UiSelector().textContains(\"scarpe uomo\"))"}[39m
[35m[HTTP][39m [37m<-- POST /wd/hub/session/80619363-031e-458c-b048-af32cad3b91b/element [39m[32m200[39m [90m69 ms - 137[39m
[35m[HTTP][39m [90m[39m
[35m[HTTP][39m [37m-->[39m [37mPOST[39m [37m/wd/hub/session/80619363-031e-458c-b048-af32cad3b91b/context[39m
[35m[HTTP][39m [90m{"name":"NATIVE_APP"}[39m
[35m[HTTP][39m [37m<-- POST /wd/hub/session/80619363-031e-458c-b048-af32cad3b91b/context [39m[32m200[39m [90m1 ms - 14[39m
[35m[HTTP][39m [90m[39m
[35m[HTTP][39m [37m-->[39m [37mGET[39m [37m/wd/hub/session/80619363-031e-458c-b048-af32cad3b91b/source[39m
[35m[HTTP][39m [90m{}[39m
[35m[W3C (80619363)][39m Driver proxy active, passing request on via HTTP proxy
[35m[WD Proxy][39m Replacing sessionId 14bca016-1fd9-4416-b622-67b66eec0427 with 80619363-031e-458c-b048-af32cad3b91b
[35m[HTTP][39m [37m<-- GET /wd/hub/session/80619363-031e-458c-b048-af32cad3b91b/source [39m[32m200[39m [90m241 ms - 51160[39m
[35m[HTTP][39m [90m[39m
[35m[HTTP][39m [37m-->[39m [37mGET[39m [37m/wd/hub/session/80619363-031e-458c-b048-af32cad3b91b/screenshot[39m
[35m[HTTP][39m [90m{}[39m
[35m[HTTP][39m [37m<-- GET /wd/hub/session/80619363-031e-458c-b048-af32cad3b91b/screenshot [39m[32m200[39m [90m897 ms - 789464[39m
[35m[HTTP][39m [90m[39m
[35m[HTTP][39m [37m-->[39m [37mPOST[39m [37m/wd/hub/session/80619363-031e-458c-b048-af32cad3b91b/elements[39m
[35m[HTTP][39m [90m{"using":"xpath","value":"//*[@class = 'android.widget.TextView' and (@text = 'scarpe uomo' or . = 'scarpe uomo') and @resource-id = 'com.amazon.mShop.android.shopping:id/chrome_search_hint_view']"}[39m
[35m[HTTP][39m [37m<-- POST /wd/hub/session/80619363-031e-458c-b048-af32cad3b91b/elements [39m[32m200[39m [90m222 ms - 139[39m
[35m[HTTP][39m [90m[39m
[35m[HTTP][39m [37m-->[39m [37mGET[39m [37m/wd/hub/session/80619363-031e-458c-b048-af32cad3b91b/window/rect[39m
[35m[HTTP][39m [90m{}[39m
[35m[HTTP][39m [37m<-- GET /wd/hub/session/80619363-031e-458c-b048-af32cad3b91b/window/rect [39m[32m200[39m [90m22 ms - 50[39m
[35m[HTTP][39m [90m[39m
[35m[HTTP][39m [37m-->[39m [37mPOST[39m [37m/wd/hub/session/80619363-031e-458c-b048-af32cad3b91b/elements[39m
[35m[HTTP][39m [90m{"using":"xpath","value":"//*[@class = 'android.widget.TextView' and (@text = 'scarpe uomo' or . = 'scarpe uomo') and @resource-id = 'com.amazon.mShop.android.shopping:id/chrome_search_hint_view']"}[39m
[35m[HTTP][39m [37m<-- POST /wd/hub/session/80619363-031e-458c-b048-af32cad3b91b/elements [39m[32m200[39m [90m164 ms - 139[39m
[35m[HTTP][39m [90m[39m
[35m[HTTP][39m [37m-->[39m [37mGET[39m [37m/wd/hub/session/80619363-031e-458c-b048-af32cad3b91b/element/00000000-0000-01c2-ffff-ffff0000001a/location[39m
[35m[HTTP][39m [90m{}[39m
[35m[W3C (80619363)][39m Driver proxy active, passing request on via HTTP proxy
[35m[WD Proxy][39m Replacing sessionId 14bca016-1fd9-4416-b622-67b66eec0427 with 80619363-031e-458c-b048-af32cad3b91b
[35m[HTTP][39m [37m<-- GET /wd/hub/session/80619363-031e-458c-b048-af32cad3b91b/element/00000000-0000-01c2-ffff-ffff0000001a/location [39m[32m200[39m [90m19 ms - 77[39m
[35m[HTTP][39m [90m[39m
[35m[HTTP][39m [37m-->[39m [37mPOST[39m [37m/wd/hub/session/80619363-031e-458c-b048-af32cad3b91b/element/00000000-0000-01c2-ffff-ffff0000001a/click[39m
[35m[HTTP][39m [90m{"id":"00000000-0000-01c2-ffff-ffff0000001a"}[39m
[35m[HTTP][39m [37m<-- POST /wd/hub/session/80619363-031e-458c-b048-af32cad3b91b/element/00000000-0000-01c2-ffff-ffff0000001a/click [39m[32m200[39m [90m1083 ms - 14[39m
[35m[HTTP][39m [90m[39m
[35m[HTTP][39m [37m-->[39m [37mGET[39m [37m/wd/hub/session/80619363-031e-458c-b048-af32cad3b91b/source[39m
[35m[HTTP][39m [90m{}[39m
[35m[W3C (80619363)][39m Driver proxy active, passing request on via HTTP proxy
[35m[WD Proxy][39m Replacing sessionId 14bca016-1fd9-4416-b622-67b66eec0427 with 80619363-031e-458c-b048-af32cad3b91b
[35m[HTTP][39m [37m<-- GET /wd/hub/session/80619363-031e-458c-b048-af32cad3b91b/source [39m[32m200[39m [90m296 ms - 31511[39m
[35m[HTTP][39m [90m[39m
[35m[HTTP][39m [37m-->[39m [37mGET[39m [37m/wd/hub/session/80619363-031e-458c-b048-af32cad3b91b/screenshot[39m
[35m[HTTP][39m [90m{}[39m
[35m[HTTP][39m [37m<-- GET /wd/hub/session/80619363-031e-458c-b048-af32cad3b91b/screenshot [39m[32m200[39m [90m896 ms - 293982[39m
[35m[HTTP][39m [90m[39m
[35m[HTTP][39m [37m-->[39m [37mPOST[39m [37m/wd/hub/session/80619363-031e-458c-b048-af32cad3b91b/elements[39m
[35m[HTTP][39m [90m{"using":"xpath","value":"//*[@class = 'android.widget.EditText' and (@text = 'scarpe uomo' or . = 'scarpe uomo') and @resource-id = 'com.amazon.mShop.android.shopping:id/rs_search_src_text']"}[39m
[35m[HTTP][39m [37m<-- POST /wd/hub/session/80619363-031e-458c-b048-af32cad3b91b/elements [39m[32m200[39m [90m133 ms - 139[39m
[35m[HTTP][39m [90m[39m
[35m[HTTP][39m [37m-->[39m [37mPOST[39m [37m/wd/hub/session/80619363-031e-458c-b048-af32cad3b91b/elements[39m
[35m[HTTP][39m [90m{"using":"xpath","value":"//*[@class = 'android.widget.EditText' and (@text = 'scarpe uomo' or . = 'scarpe uomo') and @resource-id = 'com.amazon.mShop.android.shopping:id/rs_search_src_text']"}[39m
[35m[HTTP][39m [37m<-- POST /wd/hub/session/80619363-031e-458c-b048-af32cad3b91b/elements [39m[32m200[39m [90m291 ms - 139[39m
[35m[HTTP][39m [90m[39m
[35m[HTTP][39m [37m-->[39m [37mGET[39m [37m/wd/hub/session/80619363-031e-458c-b048-af32cad3b91b/window/rect[39m
[35m[HTTP][39m [90m{}[39m
[35m[HTTP][39m [37m<-- GET /wd/hub/session/80619363-031e-458c-b048-af32cad3b91b/window/rect [39m[32m200[39m [90m42 ms - 50[39m
[35m[HTTP][39m [90m[39m
[35m[HTTP][39m [37m-->[39m [37mPOST[39m [37m/wd/hub/session/80619363-031e-458c-b048-af32cad3b91b/elements[39m
[35m[HTTP][39m [90m{"using":"xpath","value":"//*[@class = 'android.widget.EditText' and (@text = 'scarpe uomo' or . = 'scarpe uomo') and @resource-id = 'com.amazon.mShop.android.shopping:id/rs_search_src_text']"}[39m
[35m[HTTP][39m [37m<-- POST /wd/hub/session/80619363-031e-458c-b048-af32cad3b91b/elements [39m[32m200[39m [90m280 ms - 139[39m
[35m[HTTP][39m [90m[39m
[35m[HTTP][39m [37m-->[39m [37mGET[39m [37m/wd/hub/session/80619363-031e-458c-b048-af32cad3b91b/element/00000000-0000-01c2-ffff-ffff0000010e/location[39m
[35m[HTTP][39m [90m{}[39m
[35m[W3C (80619363)][39m Driver proxy active, passing request on via HTTP proxy
[35m[WD Proxy][39m Replacing sessionId 14bca016-1fd9-4416-b622-67b66eec0427 with 80619363-031e-458c-b048-af32cad3b91b
[35m[HTTP][39m [37m<-- GET /wd/hub/session/80619363-031e-458c-b048-af32cad3b91b/element/00000000-0000-01c2-ffff-ffff0000010e/location [39m[32m200[39m [90m33 ms - 77[39m
[35m[HTTP][39m [90m[39m
[35m[HTTP][39m [37m-->[39m [37mPOST[39m [37m/wd/hub/session/80619363-031e-458c-b048-af32cad3b91b/element/00000000-0000-01c2-ffff-ffff0000010e/clear[39m
[35m[HTTP][39m [90m{"id":"00000000-0000-01c2-ffff-ffff0000010e"}[39m
[35m[HTTP][39m [37m<-- POST /wd/hub/session/80619363-031e-458c-b048-af32cad3b91b/element/00000000-0000-01c2-ffff-ffff0000010e/clear [39m[32m200[39m [90m47 ms - 14[39m
[35m[HTTP][39m [90m[39m
[35m[HTTP][39m [37m-->[39m [37mPOST[39m [37m/wd/hub/session/80619363-031e-458c-b048-af32cad3b91b/element/00000000-0000-01c2-ffff-ffff0000010e/value[39m
[35m[HTTP][39m [90m{"id":"00000000-0000-01c2-ffff-ffff0000010e","text":" ","value":[" "]}[39m
[35m[HTTP][39m [37m<-- POST /wd/hub/session/80619363-031e-458c-b048-af32cad3b91b/element/00000000-0000-01c2-ffff-ffff0000010e/value [39m[32m200[39m [90m1621 ms - 14[39m
[35m[HTTP][39m [90m[39m
[35m[HTTP][39m [37m-->[39m [37mGET[39m [37m/wd/hub/session/80619363-031e-458c-b048-af32cad3b91b/source[39m
[35m[HTTP][39m [90m{}[39m
[35m[W3C (80619363)][39m Driver proxy active, passing request on via HTTP proxy
[35m[WD Proxy][39m Replacing sessionId 14bca016-1fd9-4416-b622-67b66eec0427 with 80619363-031e-458c-b048-af32cad3b91b
[35m[HTTP][39m [37m<-- GET /wd/hub/session/80619363-031e-458c-b048-af32cad3b91b/source [39m[32m200[39m [90m297 ms - 11664[39m
[35m[HTTP][39m [90m[39m
[35m[HTTP][39m [37m-->[39m [37mGET[39m [37m/wd/hub/session/80619363-031e-458c-b048-af32cad3b91b/screenshot[39m
[35m[HTTP][39m [90m{}[39m
[35m[HTTP][39m [37m<-- GET /wd/hub/session/80619363-031e-458c-b048-af32cad3b91b/screenshot [39m[32m200[39m [90m676 ms - 158550[39m
[35m[HTTP][39m [90m[39m
[35m[HTTP][39m [37m-->[39m [37mPOST[39m [37m/wd/hub/session/80619363-031e-458c-b048-af32cad3b91b/elements[39m
[35m[HTTP][39m [90m{"using":"xpath","value":"//*[@class = 'android.widget.ImageView' and @resource-id = 'com.amazon.mShop.android.shopping:id/iss_search_dropdown_item_clear' and (@text = '' or . = '')]"}[39m
[35m[HTTP][39m [37m<-- POST /wd/hub/session/80619363-031e-458c-b048-af32cad3b91b/elements [39m[32m200[39m [90m132 ms - 139[39m
[35m[HTTP][39m [90m[39m
[35m[HTTP][39m [37m-->[39m [37mGET[39m [37m/wd/hub/session/80619363-031e-458c-b048-af32cad3b91b/window/rect[39m
[35m[HTTP][39m [90m{}[39m
[35m[HTTP][39m [37m<-- GET /wd/hub/session/80619363-031e-458c-b048-af32cad3b91b/window/rect [39m[32m200[39m [90m22 ms - 50[39m
[35m[HTTP][39m [90m[39m
[35m[HTTP][39m [37m-->[39m [37mPOST[39m [37m/wd/hub/session/80619363-031e-458c-b048-af32cad3b91b/elements[39m
[35m[HTTP][39m [90m{"using":"xpath","value":"//*[@class = 'android.widget.ImageView' and @resource-id = 'com.amazon.mShop.android.shopping:id/iss_search_dropdown_item_clear' and (@text = '' or . = '')]"}[39m
[35m[HTTP][39m [37m<-- POST /wd/hub/session/80619363-031e-458c-b048-af32cad3b91b/elements [39m[32m200[39m [90m109 ms - 139[39m
[35m[HTTP][39m [90m[39m
[35m[HTTP][39m [37m-->[39m [37mGET[39m [37m/wd/hub/session/80619363-031e-458c-b048-af32cad3b91b/element/00000000-0000-01c2-ffff-ffff00000121/location[39m
[35m[HTTP][39m [90m{}[39m
[35m[W3C (80619363)][39m Driver proxy active, passing request on via HTTP proxy
[35m[WD Proxy][39m Replacing sessionId 14bca016-1fd9-4416-b622-67b66eec0427 with 80619363-031e-458c-b048-af32cad3b91b
[35m[HTTP][39m [37m<-- GET /wd/hub/session/80619363-031e-458c-b048-af32cad3b91b/element/00000000-0000-01c2-ffff-ffff00000121/location [39m[32m200[39m [90m19 ms - 77[39m
[35m[HTTP][39m [90m[39m
[35m[HTTP][39m [37m-->[39m [37mPOST[39m [37m/wd/hub/session/80619363-031e-458c-b048-af32cad3b91b/element/00000000-0000-01c2-ffff-ffff00000121/click[39m
[35m[HTTP][39m [90m{"id":"00000000-0000-01c2-ffff-ffff00000121"}[39m
[35m[HTTP][39m [37m<-- POST /wd/hub/session/80619363-031e-458c-b048-af32cad3b91b/element/00000000-0000-01c2-ffff-ffff00000121/click [39m[32m200[39m [90m64 ms - 14[39m
[35m[HTTP][39m [90m[39m
[35m[HTTP][39m [37m-->[39m [37mGET[39m [37m/wd/hub/session/80619363-031e-458c-b048-af32cad3b91b/source[39m
[35m[HTTP][39m [90m{}[39m
[35m[W3C (80619363)][39m Driver proxy active, passing request on via HTTP proxy
[35m[WD Proxy][39m Replacing sessionId 14bca016-1fd9-4416-b622-67b66eec0427 with 80619363-031e-458c-b048-af32cad3b91b
[35m[HTTP][39m [37m<-- GET /wd/hub/session/80619363-031e-458c-b048-af32cad3b91b/source [39m[32m200[39m [90m632 ms - 8935[39m
[35m[HTTP][39m [90m[39m
[35m[HTTP][39m [37m-->[39m [37mGET[39m [37m/wd/hub/session/80619363-031e-458c-b048-af32cad3b91b/screenshot[39m
[35m[HTTP][39m [90m{}[39m
[35m[HTTP][39m [37m<-- GET /wd/hub/session/80619363-031e-458c-b048-af32cad3b91b/screenshot [39m[32m200[39m [90m661 ms - 144826[39m
[35m[HTTP][39m [90m[39m
[35m[HTTP][39m [37m-->[39m [37mPOST[39m [37m/wd/hub/session/80619363-031e-458c-b048-af32cad3b91b/elements[39m
[35m[HTTP][39m [90m{"using":"xpath","value":"//*[@class = 'android.widget.ImageView' and @resource-id = 'com.amazon.mShop.android.shopping:id/chrome_action_bar_back_icon_image' and (@text = '' or . = '')]"}[39m
[35m[HTTP][39m [37m<-- POST /wd/hub/session/80619363-031e-458c-b048-af32cad3b91b/elements [39m[32m200[39m [90m118 ms - 139[39m
[35m[HTTP][39m [90m[39m
[35m[HTTP][39m [37m-->[39m [37mGET[39m [37m/wd/hub/session/80619363-031e-458c-b048-af32cad3b91b/window/rect[39m
[35m[HTTP][39m [90m{}[39m
[35m[HTTP][39m [37m<-- GET /wd/hub/session/80619363-031e-458c-b048-af32cad3b91b/window/rect [39m[32m200[39m [90m25 ms - 50[39m
[35m[HTTP][39m [90m[39m
[35m[HTTP][39m [37m-->[39m [37mPOST[39m [37m/wd/hub/session/80619363-031e-458c-b048-af32cad3b91b/elements[39m
[35m[HTTP][39m [90m{"using":"xpath","value":"//*[@class = 'android.widget.ImageView' and @resource-id = 'com.amazon.mShop.android.shopping:id/chrome_action_bar_back_icon_image' and (@text = '' or . = '')]"}[39m
[35m[HTTP][39m [37m<-- POST /wd/hub/session/80619363-031e-458c-b048-af32cad3b91b/elements [39m[32m200[39m [90m94 ms - 139[39m
[35m[HTTP][39m [90m[39m
[35m[HTTP][39m [37m-->[39m [37mGET[39m [37m/wd/hub/session/80619363-031e-458c-b048-af32cad3b91b/element/00000000-0000-01c2-ffff-ffff00000109/location[39m
[35m[HTTP][39m [90m{}[39m
[35m[W3C (80619363)][39m Driver proxy active, passing request on via HTTP proxy
[35m[WD Proxy][39m Replacing sessionId 14bca016-1fd9-4416-b622-67b66eec0427 with 80619363-031e-458c-b048-af32cad3b91b
[35m[HTTP][39m [37m<-- GET /wd/hub/session/80619363-031e-458c-b048-af32cad3b91b/element/00000000-0000-01c2-ffff-ffff00000109/location [39m[32m200[39m [90m31 ms - 75[39m
[35m[HTTP][39m [90m[39m
[35m[HTTP][39m [37m-->[39m [37mPOST[39m [37m/wd/hub/session/80619363-031e-458c-b048-af32cad3b91b/element/00000000-0000-01c2-ffff-ffff00000109/click[39m
[35m[HTTP][39m [90m{"id":"00000000-0000-01c2-ffff-ffff00000109"}[39m
[35m[HTTP][39m [37m<-- POST /wd/hub/session/80619363-031e-458c-b048-af32cad3b91b/element/00000000-0000-01c2-ffff-ffff00000109/click [39m[32m200[39m [90m51 ms - 14[39m
[35m[HTTP][39m [90m[39m
[35m[HTTP][39m [37m-->[39m [37mGET[39m [37m/wd/hub/session/80619363-031e-458c-b048-af32cad3b91b/source[39m
[35m[HTTP][39m [90m{}[39m
[35m[W3C (80619363)][39m Driver proxy active, passing request on via HTTP proxy
[35m[WD Proxy][39m Replacing sessionId 14bca016-1fd9-4416-b622-67b66eec0427 with 80619363-031e-458c-b048-af32cad3b91b
[35m[HTTP][39m [37m<-- GET /wd/hub/session/80619363-031e-458c-b048-af32cad3b91b/source [39m[32m200[39m [90m471 ms - 51167[39m
[35m[HTTP][39m [90m[39m
[35m[HTTP][39m [37m-->[39m [37mGET[39m [37m/wd/hub/session/80619363-031e-458c-b048-af32cad3b91b/screenshot[39m
[35m[HTTP][39m [90m{}[39m
[35m[HTTP][39m [37m<-- GET /wd/hub/session/80619363-031e-458c-b048-af32cad3b91b/screenshot [39m[32m200[39m [90m905 ms - 790728[39m
[35m[HTTP][39m [90m[39m
[35m[HTTP][39m [37m-->[39m [37mDELETE[39m [37m/wd/hub/session/80619363-031e-458c-b048-af32cad3b91b[39m
[35m[HTTP][39m [90m{}[39m
[35m[Appium][39m Removing session 80619363-031e-458c-b048-af32cad3b91b from our master session list
[35m[UiAutomator2][39m Restoring hidden api policy to the device default configuration
[35m[HTTP][39m [37m<-- DELETE /wd/hub/session/80619363-031e-458c-b048-af32cad3b91b [39m[32m200[39m [90m386 ms - 14[39m
[35m[HTTP][39m [90m[39m
